2025-11-10 08:58:13 INFO  - 💡 Starting test with Username: standard_user | Expected: success
2025-11-10 08:58:13 INFO  -  Verifying successful login...
2025-11-10 08:58:13 INFO  -  Login successful as expected for user: standard_user
2025-11-10 08:58:16 INFO  - 💡 Starting test with Username: locked_out_user | Expected: failure
2025-11-10 08:58:17 INFO  -  Verifying login failure...
2025-11-10 08:58:17 INFO  -  Login failed as expected for user: locked_out_user
2025-11-10 08:58:20 INFO  - 💡 Starting test with Username: problem_user | Expected: success
2025-11-10 08:58:20 INFO  -  Verifying successful login...
2025-11-10 08:58:20 INFO  -  Login successful as expected for user: problem_user
2025-11-10 11:57:23 INFO  - 💡 Starting test with Username: standard_user | Expected: success
2025-11-10 11:57:24 INFO  -  Verifying successful login...
2025-11-10 11:57:24 INFO  -  Login successful as expected for user: standard_user
2025-11-10 11:57:29 INFO  - 💡 Starting test with Username: locked_out_user | Expected: failure
2025-11-10 11:57:30 INFO  -  Verifying login failure...
2025-11-10 11:57:30 INFO  -  Login failed as expected for user: locked_out_user
2025-11-10 11:57:34 INFO  - 💡 Starting test with Username: problem_user | Expected: success
2025-11-10 11:57:35 INFO  -  Verifying successful login...
2025-11-10 11:57:35 INFO  -  Login successful as expected for user: problem_user
2025-11-10 12:04:10 INFO  - 💡 Starting test with Username: standard_user | Expected: success
2025-11-10 12:04:10 INFO  -  Verifying successful login...
2025-11-10 12:04:10 INFO  -  Login successful as expected for user: standard_user
2025-11-10 12:04:14 INFO  - 💡 Starting test with Username: locked_out_user | Expected: failure
2025-11-10 12:04:14 INFO  -  Verifying login failure...
2025-11-10 12:04:14 INFO  -  Login failed as expected for user: locked_out_user
2025-11-10 12:04:18 INFO  - 💡 Starting test with Username: problem_user | Expected: success
2025-11-10 12:04:20 INFO  -  Verifying successful login...
2025-11-10 12:04:20 INFO  -  Login successful as expected for user: problem_user
2025-11-10 12:04:48 INFO  - 💡 Starting test with Username: standard_user | Expected: success
2025-11-10 12:04:48 INFO  -  Verifying successful login...
2025-11-10 12:04:48 INFO  -  Login successful as expected for user: standard_user
2025-11-10 12:04:50 INFO  - 💡 Starting test with Username: locked_out_user | Expected: failure
2025-11-10 12:04:50 INFO  -  Verifying login failure...
2025-11-10 12:04:50 INFO  -  Login failed as expected for user: locked_out_user
2025-11-10 12:04:52 INFO  - 💡 Starting test with Username: problem_user | Expected: success
2025-11-10 12:04:52 INFO  -  Verifying successful login...
2025-11-10 12:04:52 INFO  -  Login successful as expected for user: problem_user
2025-11-10 12:20:53 INFO  - 💡 Starting test with Username: standard_user | Expected: success
2025-11-10 12:20:53 INFO  -  Verifying successful login...
2025-11-10 12:20:53 INFO  -  Login successful as expected for user: standard_user
2025-11-10 12:20:55 INFO  - 💡 Starting test with Username: locked_out_user | Expected: failure
2025-11-10 12:20:55 INFO  -  Verifying login failure...
2025-11-10 12:20:55 INFO  -  Login failed as expected for user: locked_out_user
2025-11-10 12:20:58 INFO  - 💡 Starting test with Username: problem_user | Expected: success
2025-11-10 12:20:58 INFO  -  Verifying successful login...
2025-11-10 12:20:58 INFO  -  Login successful as expected for user: problem_user
